1631696426633	geckodriver	INFO	Listening on 127.0.0.1:52448
1631696429749	mozrunner::runner	INFO	Running command: "C:\\Program Files\\Mozilla Firefox\\firefox.exe" "--marionette" "-foreground" "-no-remote" "-profile" "C:\\Temp\\rust_mozprofilesXLWqq"
1631696430606	Marionette	INFO	Marionette enabled
console.warn: SearchSettings: "get: No settings file exists, new profile?" (new NotFoundError("Could not open the file at C:\\Temp\\rust_mozprofilesXLWqq\\search.json.mozlz4", (void 0)))
1631696432701	Marionette	INFO	Listening on port 52456
1631696432953	RemoteAgent	WARN	TLS certificate errors will be ignored for this session
JavaScript error: resource://pdf.js/PdfStreamConverter.jsm, line 1112: NS_ERROR_FAILURE: Ignore PDF.js for this download.
JavaScript error: resource://pdf.js/PdfStreamConverter.jsm, line 1112: NS_ERROR_FAILURE: Ignore PDF.js for this download.
1631696743885	geckodriver	INFO	Listening on 127.0.0.1:60373
1631696746959	mozrunner::runner	INFO	Running command: "C:\\Program Files\\Mozilla Firefox\\firefox.exe" "--marionette" "-foreground" "-no-remote" "-profile" "C:\\Temp\\rust_mozprofileacsQA6"
1631696747178	Marionette	INFO	Marionette enabled
console.warn: SearchSettings: "get: No settings file exists, new profile?" (new NotFoundError("Could not open the file at C:\\Temp\\rust_mozprofileacsQA6\\search.json.mozlz4", (void 0)))
1631696749050	Marionette	INFO	Listening on port 53242
1631696749106	RemoteAgent	WARN	TLS certificate errors will be ignored for this session
JavaScript error: resource://pdf.js/PdfStreamConverter.jsm, line 1112: NS_ERROR_FAILURE: Ignore PDF.js for this download.
console.warn: "Resource  of root-node was not found."
JavaScript error: resource://pdf.js/PdfStreamConverter.jsm, line 1112: NS_ERROR_FAILURE: Ignore PDF.js for this download.
1631696768899	Marionette	INFO	Stopped listening on port 53242
JavaScript error: resource:///modules/Interactions.jsm, line 209: NS_ERROR_FAILURE: Component returned failure code: 0x80004005 (NS_ERROR_FAILURE) [nsIUserIdleService.removeIdleObserver]
JavaScript error: chrome://remote/content/marionette/cert.js, line 55: NS_ERROR_NOT_AVAILABLE: Component returned failure code: 0x80040111 (NS_ERROR_NOT_AVAILABLE) [nsICertOverrideService.setDisableAllSecurityChecksAndLetAttackersInterceptMyData]

###!!! [Parent][RunMessage] Error: Channel closing: too late to send/recv, messages will be lost

1631696829320	geckodriver	INFO	Listening on 127.0.0.1:63989
1631696832433	mozrunner::runner	INFO	Running command: "C:\\Program Files\\Mozilla Firefox\\firefox.exe" "--marionette" "-foreground" "-no-remote" "-profile" "C:\\Temp\\rust_mozprofileRi6Vfw"
1631696832763	Marionette	INFO	Marionette enabled
console.warn: SearchSettings: "get: No settings file exists, new profile?" (new NotFoundError("Could not open the file at C:\\Temp\\rust_mozprofileRi6Vfw\\search.json.mozlz4", (void 0)))
1631696834556	Marionette	INFO	Listening on port 63997
1631696834608	RemoteAgent	WARN	TLS certificate errors will be ignored for this session
JavaScript error: https://pagead2.googlesyndication.com/pagead/js/adsbygoogle.js, line 219: uncaught exception: TagError: adsbygoogle.push() error: No slot size for availableWidth=0
JavaScript error: , line 0: TypeError: NetworkError when attempting to fetch resource.
JavaScript error: , line 0: TypeError: NetworkError when attempting to fetch resource.
JavaScript error: , line 0: TypeError: NetworkError when attempting to fetch resource.
1631696866363	Marionette	INFO	Stopped listening on port 63997
JavaScript error: resource:///modules/Interactions.jsm, line 209: NS_ERROR_FAILURE: Component returned failure code: 0x80004005 (NS_ERROR_FAILURE) [nsIUserIdleService.removeIdleObserver]

###!!! [Parent][RunMessage] Error: Channel closing: too late to send/recv, messages will be lost

1631696874269	geckodriver	INFO	Listening on 127.0.0.1:50366
1631696877368	mozrunner::runner	INFO	Running command: "C:\\Program Files\\Mozilla Firefox\\firefox.exe" "--marionette" "-foreground" "-no-remote" "-profile" "C:\\Temp\\rust_mozprofileSOrKSo"
1631696877712	Marionette	INFO	Marionette enabled
console.warn: SearchSettings: "get: No settings file exists, new profile?" (new NotFoundError("Could not open the file at C:\\Temp\\rust_mozprofileSOrKSo\\search.json.mozlz4", (void 0)))
1631696879385	Marionette	INFO	Listening on port 50374
1631696879419	RemoteAgent	WARN	TLS certificate errors will be ignored for this session
JavaScript error: resource://pdf.js/PdfStreamConverter.jsm, line 1112: NS_ERROR_FAILURE: Ignore PDF.js for this download.
1631696883276	Marionette	INFO	Stopped listening on port 50374
JavaScript error: resource:///modules/Interactions.jsm, line 209: NS_ERROR_FAILURE: Component returned failure code: 0x80004005 (NS_ERROR_FAILURE) [nsIUserIdleService.removeIdleObserver]
JavaScript error: chrome://remote/content/marionette/cert.js, line 55: NS_ERROR_NOT_AVAILABLE: Component returned failure code: 0x80040111 (NS_ERROR_NOT_AVAILABLE) [nsICertOverrideService.setDisableAllSecurityChecksAndLetAttackersInterceptMyData]

###!!! [Parent][RunMessage] Error: Channel closing: too late to send/recv, messages will be lost

1631696892803	geckodriver	INFO	Listening on 127.0.0.1:50414
1631696895893	mozrunner::runner	INFO	Running command: "C:\\Program Files\\Mozilla Firefox\\firefox.exe" "--marionette" "-foreground" "-no-remote" "-profile" "C:\\Temp\\rust_mozprofileB7Iuy3"
1631696896186	Marionette	INFO	Marionette enabled
console.warn: SearchSettings: "get: No settings file exists, new profile?" (new NotFoundError("Could not open the file at C:\\Temp\\rust_mozprofileB7Iuy3\\search.json.mozlz4", (void 0)))
1631696897902	Marionette	INFO	Listening on port 50422
1631696897952	RemoteAgent	WARN	TLS certificate errors will be ignored for this session
JavaScript error: https://pagead2.googlesyndication.com/pagead/js/adsbygoogle.js, line 219: uncaught exception: TagError: adsbygoogle.push() error: No slot size for availableWidth=0
1631696920069	Marionette	INFO	Stopped listening on port 50422
JavaScript error: resource:///modules/Interactions.jsm, line 209: NS_ERROR_FAILURE: Component returned failure code: 0x80004005 (NS_ERROR_FAILURE) [nsIUserIdleService.removeIdleObserver]
JavaScript error: , line 0: TypeError: NetworkError when attempting to fetch resource.
JavaScript error: , line 0: TypeError: NetworkError when attempting to fetch resource.
JavaScript error: , line 0: TypeError: NetworkError when attempting to fetch resource.
JavaScript error: , line 0: TypeError: NetworkError when attempting to fetch resource.

###!!! [Parent][RunMessage] Error: Channel closing: too late to send/recv, messages will be lost

1631697398488	geckodriver	INFO	Listening on 127.0.0.1:52201
1631697401604	mozrunner::runner	INFO	Running command: "C:\\Program Files\\Mozilla Firefox\\firefox.exe" "--marionette" "-foreground" "-no-remote" "-profile" "C:\\Temp\\rust_mozprofilebtFmlu"
1631697401850	Marionette	INFO	Marionette enabled
console.warn: SearchSettings: "get: No settings file exists, new profile?" (new NotFoundError("Could not open the file at C:\\Temp\\rust_mozprofilebtFmlu\\search.json.mozlz4", (void 0)))
console.error: Region.jsm: "Error fetching region" (new TypeError("NetworkError when attempting to fetch resource.", ""))
console.error: Region.jsm: "Failed to fetch region" (new Error("NO_RESULT", "resource://gre/modules/Region.jsm", 419))
1631697403559	Marionette	INFO	Listening on port 52209
1631697403654	RemoteAgent	WARN	TLS certificate errors will be ignored for this session
1631697410500	Marionette	INFO	Stopped listening on port 52209
JavaScript error: resource:///modules/Interactions.jsm, line 209: NS_ERROR_FAILURE: Component returned failure code: 0x80004005 (NS_ERROR_FAILURE) [nsIUserIdleService.removeIdleObserver]

###!!! [Parent][RunMessage] Error: Channel closing: too late to send/recv, messages will be lost

